<?xml version="1.0" encoding="UTF-8"?>
<testng-results skipped="0" failed="0" ignored="0" total="1" passed="1">
  <reporter-output>
  </reporter-output>
  <suite name="Default suite" duration-ms="39141" started-at="2020-09-16T06:55:04Z" finished-at="2020-09-16T06:55:43Z">
    <groups>
    </groups>
    <test name="Default test" duration-ms="39141" started-at="2020-09-16T06:55:04Z" finished-at="2020-09-16T06:55:43Z">
      <class name="com.testcases.OrangeHrmLoginTestcase">
        <test-method status="PASS" signature="launchApp()[pri:0, instance:com.testcases.OrangeHrmLoginTestcase@74518890]" name="launchApp" is-config="true" duration-ms="33465" started-at="2020-09-16T06:55:04Z" finished-at="2020-09-16T06:55:38Z">
          <reporter-output>
          </reporter-output>
        </test-method> <!-- launchApp -->
        <test-method status="PASS" signature="login()[pri:0, instance:com.testcases.OrangeHrmLoginTestcase@74518890]" name="login" duration-ms="3664" started-at="2020-09-16T06:55:38Z" finished-at="2020-09-16T06:55:42Z">
          <reporter-output>
          </reporter-output>
        </test-method> <!-- login -->
        <test-method status="PASS" signature="close()[pri:0, instance:com.testcases.OrangeHrmLoginTestcase@74518890]" name="close" is-config="true" duration-ms="946" started-at="2020-09-16T06:55:43Z" finished-at="2020-09-16T06:55:43Z">
          <reporter-output>
          </reporter-output>
        </test-method> <!-- close -->
      </class> <!-- com.testcases.OrangeHrmLoginTestcase -->
    </test> <!-- Default test -->
  </suite> <!-- Default suite -->
</testng-results>
